<?xml version="1.0" encoding="UTF-8"?>
<testsuite xmlns:xsi="http://www.w3.org/2001/XMLSchema-instance" xsi:noNamespaceSchemaLocation="https://maven.apache.org/surefire/maven-surefire-plugin/xsd/surefire-test-report.xsd" version="3.0.2" name="com.employeeservice.EmployeeServiceApplicationTests" time="2.388" tests="1" errors="0" skipped="0" failures="0">
  <properties>
[...]
</properties>
  <testcase name="contextLoads" classname="com.employeeservice.EmployeeServiceApplicationTests" time="0.307">
    <system-out><![CDATA[12:17:15.856 [main] INFO org.springframework.test.context.support.AnnotationConfigContextLoaderUtils -- Could not detect default configuration classes for test class [com.employeeservice.EmployeeServiceApplicationTests]: EmployeeServiceApplicationTests does not declare any static, non-private, non-final, nested classes annotated with @Configuration.
12:17:15.920 [main] INFO org.springframework.boot.test.context.SpringBootTestContextBootstrapper -- Found @SpringBootConfiguration com.employeeservice.EmployeeServiceApplication for test class com.employeeservice.EmployeeServiceApplicationTests
12:17:15.980 [main] INFO org.springframework.boot.devtools.restart.RestartApplicationListener -- Restart disabled due to context in which it is running

  .   ____          _            __ _ _
 /\\ / ___'_ __ _ _(_)_ __  __ _ \ \ \ \
( ( )\___ | '_ | '_| | '_ \/ _` | \ \ \ \
 \\/  ___)| |_)| | | | | || (_| |  ) ) ) )
  '  |____| .__|_| |_|_| |_\__, | / / / /
 =========|_|==============|___/=/_/_/_/

 :: Spring Boot ::                (v3.4.5)

2026-01-18 12:17:16.135 INFO  c.e.EmployeeServiceApplicationTests:53  [TransactionID: []] - Starting EmployeeServiceApplicationTests using Java 25.0.1 with PID 10718 (started by apprameyubharath in /Users/apprameyubharath/code/invoice-application/EmployeeService)
2026-01-18 12:17:16.136 INFO  c.e.EmployeeServiceApplicationTests:652  [TransactionID: []] - No active profile set, falling back to 1 default profile: "default"
2026-01-18 12:17:16.460 INFO  o.s.d.r.c.RepositoryConfigurationDelegate:143  [TransactionID: []] - Bootstrapping Spring Data JPA repositories in DEFAULT mode.
2026-01-18 12:17:16.486 INFO  o.s.d.r.c.RepositoryConfigurationDelegate:211  [TransactionID: []] - Finished Spring Data repository scanning in 21 ms. Found 1 JPA repository interface.
2026-01-18 12:17:16.663 INFO  c.z.h.HikariDataSource:109  [TransactionID: []] - HikariPool-1 - Starting...
2026-01-18 12:17:16.854 INFO  c.z.h.p.HikariPool:554  [TransactionID: []] - HikariPool-1 - Added connection com.mysql.cj.jdbc.ConnectionImpl@3757e8e2
2026-01-18 12:17:16.855 INFO  c.z.h.HikariDataSource:122  [TransactionID: []] - HikariPool-1 - Start completed.
2026-01-18 12:17:16.877 INFO  o.h.j.i.u.LogHelper:31  [TransactionID: []] - HHH000204: Processing PersistenceUnitInfo [name: default]
2026-01-18 12:17:16.897 INFO  o.h.Version:44  [TransactionID: []] - HHH000412: Hibernate ORM core version 6.6.13.Final
2026-01-18 12:17:16.911 INFO  o.h.c.i.RegionFactoryInitiator:50  [TransactionID: []] - HHH000026: Second-level cache disabled
2026-01-18 12:17:16.938 DEBUG o.h.t.BasicTypeRegistry:420  [TransactionID: []] - Adding type registration boolean -> org.hibernate.type.BasicTypeReference@730bea0
2026-01-18 12:17:16.938 DEBUG o.h.t.BasicTypeRegistry:420  [TransactionID: []] - Adding type registration boolean -> org.hibernate.type.BasicTypeReference@730bea0
2026-01-18 12:17:16.939 DEBUG o.h.t.BasicTypeRegistry:420  [TransactionID: []] - Adding type registration java.lang.Boolean -> org.hibernate.type.BasicTypeReference@730bea0
2026-01-18 12:17:16.939 DEBUG o.h.t.BasicTypeRegistry:420  [TransactionID: []] - Adding type registration numeric_boolean -> org.hibernate.type.BasicTypeReference@41a16eb3
2026-01-18 12:17:16.939 DEBUG o.h.t.BasicTypeRegistry:420  [TransactionID: []] - Adding type registration org.hibernate.type.NumericBooleanConverter -> org.hibernate.type.BasicTypeReference@41a16eb3
2026-01-18 12:17:16.939 DEBUG o.h.t.BasicTypeRegistry:420  [TransactionID: []] - Adding type registration true_false -> org.hibernate.type.BasicTypeReference@677cb96e
2026-01-18 12:17:16.939 DEBUG o.h.t.BasicTypeRegistry:420  [TransactionID: []] - Adding type registration org.hibernate.type.TrueFalseConverter -> org.hibernate.type.BasicTypeReference@677cb96e
2026-01-18 12:17:16.939 DEBUG o.h.t.BasicTypeRegistry:420  [TransactionID: []] - Adding type registration yes_no -> org.hibernate.type.BasicTypeReference@1b1252c8
2026-01-18 12:17:16.939 DEBUG o.h.t.BasicTypeRegistry:420  [TransactionID: []] - Adding type registration org.hibernate.type.YesNoConverter -> org.hibernate.type.BasicTypeReference@1b1252c8
2026-01-18 12:17:16.940 DEBUG o.h.t.BasicTypeRegistry:420  [TransactionID: []] - Adding type registration byte -> org.hibernate.type.BasicTypeReference@19d53ab4
2026-01-18 12:17:16.940 DEBUG o.h.t.BasicTypeRegistry:420  [TransactionID: []] - Adding type registration byte -> org.hibernate.type.BasicTypeReference@19d53ab4
2026-01-18 12:17:16.940 DEBUG o.h.t.BasicTypeRegistry:420  [TransactionID: []] - Adding type registration java.lang.Byte -> org.hibernate.type.BasicTypeReference@19d53ab4
2026-01-18 12:17:16.940 DEBUG o.h.t.BasicTypeRegistry:420  [TransactionID: []] - Adding type registration binary -> org.hibernate.type.BasicTypeReference@53cb0bcb
2026-01-18 12:17:16.940 DEBUG o.h.t.BasicTypeRegistry:420  [TransactionID: []] - Adding type registration byte[] -> org.hibernate.type.BasicTypeReference@53cb0bcb
2026-01-18 12:17:16.940 DEBUG o.h.t.BasicTypeRegistry:420  [TransactionID: []] - Adding type registration [B -> org.hibernate.type.BasicTypeReference@53cb0bcb
2026-01-18 12:17:16.940 DEBUG o.h.t.BasicTypeRegistry:420  [TransactionID: []] - Adding type registration binary_wrapper -> org.hibernate.type.BasicTypeReference@51fe7f15
2026-01-18 12:17:16.940 DEBUG o.h.t.BasicTypeRegistry:420  [TransactionID: []] - Adding type registration wrapper-binary -> org.hibernate.type.BasicTypeReference@51fe7f15
2026-01-18 12:17:16.940 DEBUG o.h.t.BasicTypeRegistry:420  [TransactionID: []] - Adding type registration image -> org.hibernate.type.BasicTypeReference@5873f3f0
2026-01-18 12:17:16.941 DEBUG o.h.t.BasicTypeRegistry:420  [TransactionID: []] - Adding type registration blob -> org.hibernate.type.BasicTypeReference@684372d0
2026-01-18 12:17:16.941 DEBUG o.h.t.BasicTypeRegistry:420  [TransactionID: []] - Adding type registration java.sql.Blob -> org.hibernate.type.BasicTypeReference@684372d0
2026-01-18 12:17:16.941 DEBUG o.h.t.BasicTypeRegistry:420  [TransactionID: []] - Adding type registration materialized_blob -> org.hibernate.type.BasicTypeReference@63dda940
2026-01-18 12:17:16.941 DEBUG o.h.t.BasicTypeRegistry:420  [TransactionID: []] - Adding type registration materialized_blob_wrapper -> org.hibernate.type.BasicTypeReference@41f964f9
2026-01-18 12:17:16.941 DEBUG o.h.t.BasicTypeRegistry:420  [TransactionID: []] - Adding type registration short -> org.hibernate.type.BasicTypeReference@652e345
2026-01-18 12:17:16.941 DEBUG o.h.t.BasicTypeRegistry:420  [TransactionID: []] - Adding type registration short -> org.hibernate.type.BasicTypeReference@652e345
2026-01-18 12:17:16.941 DEBUG o.h.t.BasicTypeRegistry:420  [TransactionID: []] - Adding type registration java.lang.Short -> org.hibernate.type.BasicTypeReference@652e345
2026-01-18 12:17:16.941 DEBUG o.h.t.BasicTypeRegistry:420  [TransactionID: []] - Adding type registration integer -> org.hibernate.type.BasicTypeReference@7574d4ad
2026-01-18 12:17:16.942 DEBUG o.h.t.BasicTypeRegistry:420  [TransactionID: []] - Adding type registration int -> org.hibernate.type.BasicTypeReference@7574d4ad
2026-01-18 12:17:16.942 DEBUG o.h.t.BasicTypeRegistry:420  [TransactionID: []] - Adding type registration java.lang.Integer -> org.hibernate.type.BasicTypeReference@7574d4ad
2026-01-18 12:17:16.942 DEBUG o.h.t.BasicTypeRegistry:420  [TransactionID: []] - Adding type registration long -> org.hibernate.type.BasicTypeReference@7bede4ea
2026-01-18 12:17:16.943 DEBUG o.h.t.BasicTypeRegistry:420  [TransactionID: []] - Adding type registration long -> org.hibernate.type.BasicTypeReference@7bede4ea
2026-01-18 12:17:16.943 DEBUG o.h.t.BasicTypeRegistry:420  [TransactionID: []] - Adding type registration java.lang.Long -> org.hibernate.type.BasicTypeReference@7bede4ea
2026-01-18 12:17:16.943 DEBUG o.h.t.BasicTypeRegistry:420  [TransactionID: []] - Adding type registration float -> org.hibernate.type.BasicTypeReference@713999c2
2026-01-18 12:17:16.943 DEBUG o.h.t.BasicTypeRegistry:420  [TransactionID: []] - Adding type registration float -> org.hibernate.type.BasicTypeReference@713999c2
2026-01-18 12:17:16.943 DEBUG o.h.t.BasicTypeRegistry:420  [TransactionID: []] - Adding type registration java.lang.Float -> org.hibernate.type.BasicTypeReference@713999c2
2026-01-18 12:17:16.943 DEBUG o.h.t.BasicTypeRegistry:420  [TransactionID: []] - Adding type registration double -> org.hibernate.type.BasicTypeReference@6060146b
2026-01-18 12:17:16.943 DEBUG o.h.t.BasicTypeRegistry:420  [TransactionID: []] - Adding type registration double -> org.hibernate.type.BasicTypeReference@6060146b
2026-01-18 12:17:16.943 DEBUG o.h.t.BasicTypeRegistry:420  [TransactionID: []] - Adding type registration java.lang.Double -> org.hibernate.type.BasicTypeReference@6060146b
2026-01-18 12:17:16.944 DEBUG o.h.t.BasicTypeRegistry:420  [TransactionID: []] - Adding type registration big_integer -> org.hibernate.type.BasicTypeReference@33627576
2026-01-18 12:17:16.944 DEBUG o.h.t.BasicTypeRegistry:420  [TransactionID: []] - Adding type registration java.math.BigInteger -> org.hibernate.type.BasicTypeReference@33627576
2026-01-18 12:17:16.944 DEBUG o.h.t.BasicTypeRegistry:420  [TransactionID: []] - Adding type registration big_decimal -> org.hibernate.type.BasicTypeReference@27bc1d44
2026-01-18 12:17:16.944 DEBUG o.h.t.BasicTypeRegistry:420  [TransactionID: []] - Adding type registration java.math.BigDecimal -> org.hibernate.type.BasicTypeReference@27bc1d44
2026-01-18 12:17:16.944 DEBUG o.h.t.BasicTypeRegistry:420  [TransactionID: []] - Adding type registration character -> org.hibernate.type.BasicTypeReference@1af677f8
2026-01-18 12:17:16.944 DEBUG o.h.t.BasicTypeRegistry:420  [TransactionID: []] - Adding type registration char -> org.hibernate.type.BasicTypeReference@1af677f8
2026-01-18 12:17:16.944 DEBUG o.h.t.BasicTypeRegistry:420  [TransactionID: []] - Adding type registration java.lang.Character -> org.hibernate.type.BasicTypeReference@1af677f8
2026-01-18 12:17:16.944 DEBUG o.h.t.BasicTypeRegistry:420  [TransactionID: []] - Adding type registration character_nchar -> org.hibernate.type.BasicTypeReference@7a55fb81
2026-01-18 12:17:16.944 DEBUG o.h.t.BasicTypeRegistry:420  [TransactionID: []] - Adding type registration string -> org.hibernate.type.BasicTypeReference@5a3cf878
2026-01-18 12:17:16.945 DEBUG o.h.t.BasicTypeRegistry:420  [TransactionID: []] - Adding type registration java.lang.String -> org.hibernate.type.BasicTypeReference@5a3cf878
2026-01-18 12:17:16.945 DEBUG o.h.t.BasicTypeRegistry:420  [TransactionID: []] - Adding type registration nstring -> org.hibernate.type.BasicTypeReference@1d2d8846
2026-01-18 12:17:16.945 DEBUG o.h.t.BasicTypeRegistry:420  [TransactionID: []] - Adding type registration characters -> org.hibernate.type.BasicTypeReference@34cd65ac
2026-01-18 12:17:16.945 DEBUG o.h.t.BasicTypeRegistry:420  [TransactionID: []] - Adding type registration char[] -> org.hibernate.type.BasicTypeReference@34cd65ac
2026-01-18 12:17:16.945 DEBUG o.h.t.BasicTypeRegistry:420  [TransactionID: []] - Adding type registration [C -> org.hibernate.type.BasicTypeReference@34cd65ac
2026-01-18 12:17:16.945 DEBUG o.h.t.BasicTypeRegistry:420  [TransactionID: []] - Adding type registration wrapper-characters -> org.hibernate.type.BasicTypeReference@61911947
2026-01-18 12:17:16.945 DEBUG o.h.t.BasicTypeRegistry:420  [TransactionID: []] - Adding type registration text -> org.hibernate.type.BasicTypeReference@5c53c235
2026-01-18 12:17:16.945 DEBUG o.h.t.BasicTypeRegistry:420  [TransactionID: []] - Adding type registration ntext -> org.hibernate.type.BasicTypeReference@2dcd0e41
2026-01-18 12:17:16.946 DEBUG o.h.t.BasicTypeRegistry:420  [TransactionID: []] - Adding type registration clob -> org.hibernate.type.BasicTypeReference@7272ee51
2026-01-18 12:17:16.946 DEBUG o.h.t.BasicTypeRegistry:420  [TransactionID: []] - Adding type registration java.sql.Clob -> org.hibernate.type.BasicTypeReference@7272ee51
2026-01-18 12:17:16.946 DEBUG o.h.t.BasicTypeRegistry:420  [TransactionID: []] - Adding type registration nclob -> org.hibernate.type.BasicTypeReference@1b409a79
2026-01-18 12:17:16.946 DEBUG o.h.t.BasicTypeRegistry:420  [TransactionID: []] - Adding type registration java.sql.NClob -> org.hibernate.type.BasicTypeReference@1b409a79
2026-01-18 12:17:16.946 DEBUG o.h.t.BasicTypeRegistry:420  [TransactionID: []] - Adding type registration materialized_clob -> org.hibernate.type.BasicTypeReference@5940b14e
2026-01-18 12:17:16.946 DEBUG o.h.t.BasicTypeRegistry:420  [TransactionID: []] - Adding type registration materialized_clob_char_array -> org.hibernate.type.BasicTypeReference@1cba0321
2026-01-18 12:17:16.946 DEBUG o.h.t.BasicTypeRegistry:420  [TransactionID: []] - Adding type registration materialized_clob_character_array -> org.hibernate.type.BasicTypeReference@795f6681
2026-01-18 12:17:16.946 DEBUG o.h.t.BasicTypeRegistry:420  [TransactionID: []] - Adding type registration materialized_nclob -> org.hibernate.type.BasicTypeReference@66d3b881
2026-01-18 12:17:16.946 DEBUG o.h.t.BasicTypeRegistry:420  [TransactionID: []] - Adding type registration materialized_nclob_character_array -> org.hibernate.type.BasicTypeReference@3a45afd4
2026-01-18 12:17:16.947 DEBUG o.h.t.BasicTypeRegistry:420  [TransactionID: []] - Adding type registration materialized_nclob_char_array -> org.hibernate.type.BasicTypeReference@762a10b6
2026-01-18 12:17:16.947 DEBUG o.h.t.BasicTypeRegistry:420  [TransactionID: []] - Adding type registration Duration -> org.hibernate.type.BasicTypeReference@74431b9c
2026-01-18 12:17:16.947 DEBUG o.h.t.BasicTypeRegistry:420  [TransactionID: []] - Adding type registration java.time.Duration -> org.hibernate.type.BasicTypeReference@74431b9c
2026-01-18 12:17:16.947 DEBUG o.h.t.BasicTypeRegistry:420  [TransactionID: []] - Adding type registration LocalDateTime -> org.hibernate.type.BasicTypeReference@f2fb225
2026-01-18 12:17:16.948 DEBUG o.h.t.BasicTypeRegistry:420  [TransactionID: []] - Adding type registration java.time.LocalDateTime -> org.hibernate.type.BasicTypeReference@f2fb225
2026-01-18 12:17:16.948 DEBUG o.h.t.BasicTypeRegistry:420  [TransactionID: []] - Adding type registration LocalDate -> org.hibernate.type.BasicTypeReference@1883871b
2026-01-18 12:17:16.948 DEBUG o.h.t.BasicTypeRegistry:420  [TransactionID: []] - Adding type registration java.time.LocalDate -> org.hibernate.type.BasicTypeReference@1883871b
2026-01-18 12:17:16.948 DEBUG o.h.t.BasicTypeRegistry:420  [TransactionID: []] - Adding type registration LocalTime -> org.hibernate.type.BasicTypeReference@3e0a9b1d
2026-01-18 12:17:16.948 DEBUG o.h.t.BasicTypeRegistry:420  [TransactionID: []] - Adding type registration java.time.LocalTime -> org.hibernate.type.BasicTypeReference@3e0a9b1d
2026-01-18 12:17:16.948 DEBUG o.h.t.BasicTypeRegistry:420  [TransactionID: []] - Adding type registration OffsetDateTime -> org.hibernate.type.BasicTypeReference@52f9e8bb
2026-01-18 12:17:16.948 DEBUG o.h.t.BasicTypeRegistry:420  [TransactionID: []] - Adding type registration java.time.OffsetDateTime -> org.hibernate.type.BasicTypeReference@52f9e8bb
2026-01-18 12:17:16.948 DEBUG o.h.t.BasicTypeRegistry:420  [TransactionID: []] - Adding type registration OffsetDateTimeWithTimezone -> org.hibernate.type.BasicTypeReference@2035d65b
2026-01-18 12:17:16.948 DEBUG o.h.t.BasicTypeRegistry:420  [TransactionID: []] - Adding type registration OffsetDateTimeWithoutTimezone -> org.hibernate.type.BasicTypeReference@240a2619
2026-01-18 12:17:16.949 DEBUG o.h.t.BasicTypeRegistry:420  [TransactionID: []] - Adding type registration OffsetTime -> org.hibernate.type.BasicTypeReference@4e3283f6
2026-01-18 12:17:16.949 DEBUG o.h.t.BasicTypeRegistry:420  [TransactionID: []] - Adding type registration java.time.OffsetTime -> org.hibernate.type.BasicTypeReference@4e3283f6
2026-01-18 12:17:16.949 DEBUG o.h.t.BasicTypeRegistry:420  [TransactionID: []] - Adding type registration OffsetTimeUtc -> org.hibernate.type.BasicTypeReference@539316bb
2026-01-18 12:17:16.949 DEBUG o.h.t.BasicTypeRegistry:420  [TransactionID: []] - Adding type registration OffsetTimeWithTimezone -> org.hibernate.type.BasicTypeReference@5d1a859c
2026-01-18 12:17:16.949 DEBUG o.h.t.BasicTypeRegistry:420  [TransactionID: []] - Adding type registration OffsetTimeWithoutTimezone -> org.hibernate.type.BasicTypeReference@28554ac8
2026-01-18 12:17:16.949 DEBUG o.h.t.BasicTypeRegistry:420  [TransactionID: []] - Adding type registration ZonedDateTime -> org.hibernate.type.BasicTypeReference@72224107
2026-01-18 12:17:16.949 DEBUG o.h.t.BasicTypeRegistry:420  [TransactionID: []] - Adding type registration java.time.ZonedDateTime -> org.hibernate.type.BasicTypeReference@72224107
2026-01-18 12:17:16.949 DEBUG o.h.t.BasicTypeRegistry:420  [TransactionID: []] - Adding type registration ZonedDateTimeWithTimezone -> org.hibernate.type.BasicTypeReference@394fb736
2026-01-18 12:17:16.950 DEBUG o.h.t.BasicTypeRegistry:420  [TransactionID: []] - Adding type registration ZonedDateTimeWithoutTimezone -> org.hibernate.type.BasicTypeReference@3070f3e6
2026-01-18 12:17:16.950 DEBUG o.h.t.BasicTypeRegistry:420  [TransactionID: []] - Adding type registration date -> org.hibernate.type.BasicTypeReference@3271ec2a
2026-01-18 12:17:16.950 DEBUG o.h.t.BasicTypeRegistry:420  [TransactionID: []] - Adding type registration java.sql.Date -> org.hibernate.type.BasicTypeReference@3271ec2a
2026-01-18 12:17:16.950 DEBUG o.h.t.BasicTypeRegistry:420  [TransactionID: []] - Adding type registration time -> org.hibernate.type.BasicTypeReference@52bba91a
2026-01-18 12:17:16.950 DEBUG o.h.t.BasicTypeRegistry:420  [TransactionID: []] - Adding type registration java.sql.Time -> org.hibernate.type.BasicTypeReference@52bba91a
2026-01-18 12:17:16.950 DEBUG o.h.t.BasicTypeRegistry:420  [TransactionID: []] - Adding type registration timestamp -> org.hibernate.type.BasicTypeReference@1689527c
2026-01-18 12:17:16.950 DEBUG o.h.t.BasicTypeRegistry:420  [TransactionID: []] - Adding type registration java.sql.Timestamp -> org.hibernate.type.BasicTypeReference@1689527c
2026-01-18 12:17:16.950 DEBUG o.h.t.BasicTypeRegistry:420  [TransactionID: []] - Adding type registration java.util.Date -> org.hibernate.type.BasicTypeReference@1689527c
2026-01-18 12:17:16.950 DEBUG o.h.t.BasicTypeRegistry:420  [TransactionID: []] - Adding type registration calendar -> org.hibernate.type.BasicTypeReference@21516c88
2026-01-18 12:17:16.950 DEBUG o.h.t.BasicTypeRegistry:420  [TransactionID: []] - Adding type registration java.util.Calendar -> org.hibernate.type.BasicTypeReference@21516c88
2026-01-18 12:17:16.951 DEBUG o.h.t.BasicTypeRegistry:420  [TransactionID: []] - Adding type registration java.util.GregorianCalendar -> org.hibernate.type.BasicTypeReference@21516c88
2026-01-18 12:17:16.951 DEBUG o.h.t.BasicTypeRegistry:420  [TransactionID: []] - Adding type registration calendar_date -> org.hibernate.type.BasicTypeReference@1c7cd434
2026-01-18 12:17:16.951 DEBUG o.h.t.BasicTypeRegistry:420  [TransactionID: []] - Adding type registration calendar_time -> org.hibernate.type.BasicTypeReference@13004dd8
2026-01-18 12:17:16.951 DEBUG o.h.t.BasicTypeRegistry:420  [TransactionID: []] - Adding type registration instant -> org.hibernate.type.BasicTypeReference@4fc6e776
2026-01-18 12:17:16.951 DEBUG o.h.t.BasicTypeRegistry:420  [TransactionID: []] - Adding type registration java.time.Instant -> org.hibernate.type.BasicTypeReference@4fc6e776
2026-01-18 12:17:16.951 DEBUG o.h.t.BasicTypeRegistry:420  [TransactionID: []] - Adding type registration uuid -> org.hibernate.type.BasicTypeReference@65d9e72a
2026-01-18 12:17:16.951 DEBUG o.h.t.BasicTypeRegistry:420  [TransactionID: []] - Adding type registration java.util.UUID -> org.hibernate.type.BasicTypeReference@65d9e72a
2026-01-18 12:17:16.951 DEBUG o.h.t.BasicTypeRegistry:420  [TransactionID: []] - Adding type registration pg-uuid -> org.hibernate.type.BasicTypeReference@65d9e72a
2026-01-18 12:17:16.951 DEBUG o.h.t.BasicTypeRegistry:420  [TransactionID: []] - Adding type registration uuid-binary -> org.hibernate.type.BasicTypeReference@1f7e52d1
2026-01-18 12:17:16.951 DEBUG o.h.t.BasicTypeRegistry:420  [TransactionID: []] - Adding type registration uuid-char -> org.hibernate.type.BasicTypeReference@e01a26b
2026-01-18 12:17:16.952 DEBUG o.h.t.BasicTypeRegistry:420  [TransactionID: []] - Adding type registration class -> org.hibernate.type.BasicTypeReference@7604198a
2026-01-18 12:17:16.952 DEBUG o.h.t.BasicTypeRegistry:420  [TransactionID: []] - Adding type registration java.lang.Class -> org.hibernate.type.BasicTypeReference@7604198a
2026-01-18 12:17:16.952 DEBUG o.h.t.BasicTypeRegistry:420  [TransactionID: []] - Adding type registration currency -> org.hibernate.type.BasicTypeReference@5cce40d7
2026-01-18 12:17:16.952 DEBUG o.h.t.BasicTypeRegistry:420  [TransactionID: []] - Adding type registration Currency -> org.hibernate.type.BasicTypeReference@5cce40d7
2026-01-18 12:17:16.952 DEBUG o.h.t.BasicTypeRegistry:420  [TransactionID: []] - Adding type registration java.util.Currency -> org.hibernate.type.BasicTypeReference@5cce40d7
2026-01-18 12:17:16.952 DEBUG o.h.t.BasicTypeRegistry:420  [TransactionID: []] - Adding type registration locale -> org.hibernate.type.BasicTypeReference@314b7945
2026-01-18 12:17:16.952 DEBUG o.h.t.BasicTypeRegistry:420  [TransactionID: []] - Adding type registration java.util.Locale -> org.hibernate.type.BasicTypeReference@314b7945
2026-01-18 12:17:16.952 DEBUG o.h.t.BasicTypeRegistry:420  [TransactionID: []] - Adding type registration serializable -> org.hibernate.type.BasicTypeReference@32da97fd
2026-01-18 12:17:16.952 DEBUG o.h.t.BasicTypeRegistry:420  [TransactionID: []] - Adding type registration java.io.Serializable -> org.hibernate.type.BasicTypeReference@32da97fd
2026-01-18 12:17:16.952 DEBUG o.h.t.BasicTypeRegistry:420  [TransactionID: []] - Adding type registration timezone -> org.hibernate.type.BasicTypeReference@64440065
2026-01-18 12:17:16.953 DEBUG o.h.t.BasicTypeRegistry:420  [TransactionID: []] - Adding type registration java.util.TimeZone -> org.hibernate.type.BasicTypeReference@64440065
2026-01-18 12:17:16.953 DEBUG o.h.t.BasicTypeRegistry:420  [TransactionID: []] - Adding type registration ZoneOffset -> org.hibernate.type.BasicTypeReference@4aa22cc2
2026-01-18 12:17:16.953 DEBUG o.h.t.BasicTypeRegistry:420  [TransactionID: []] - Adding type registration java.time.ZoneOffset -> org.hibernate.type.BasicTypeReference@4aa22cc2
2026-01-18 12:17:16.953 DEBUG o.h.t.BasicTypeRegistry:420  [TransactionID: []] - Adding type registration url -> org.hibernate.type.BasicTypeReference@2049e582
2026-01-18 12:17:16.953 DEBUG o.h.t.BasicTypeRegistry:420  [TransactionID: []] - Adding type registration java.net.URL -> org.hibernate.type.BasicTypeReference@2049e582
2026-01-18 12:17:16.953 DEBUG o.h.t.BasicTypeRegistry:420  [TransactionID: []] - Adding type registration vector -> org.hibernate.type.BasicTypeReference@464aeb09
2026-01-18 12:17:16.953 DEBUG o.h.t.BasicTypeRegistry:420  [TransactionID: []] - Adding type registration float_vector -> org.hibernate.type.BasicTypeReference@2c99c8d
2026-01-18 12:17:16.953 DEBUG o.h.t.BasicTypeRegistry:420  [TransactionID: []] - Adding type registration double_vector -> org.hibernate.type.BasicTypeReference@59d6642a
2026-01-18 12:17:16.953 DEBUG o.h.t.BasicTypeRegistry:420  [TransactionID: []] - Adding type registration byte_vector -> org.hibernate.type.BasicTypeReference@365cef67
2026-01-18 12:17:16.954 DEBUG o.h.t.BasicTypeRegistry:420  [TransactionID: []] - Adding type registration row_version -> org.hibernate.type.BasicTypeReference@27df5806
2026-01-18 12:17:16.957 DEBUG o.h.t.BasicTypeRegistry:395  [TransactionID: []] - Adding type registration object -> org.hibernate.type.JavaObjectType@221b77d7
2026-01-18 12:17:16.958 DEBUG o.h.t.BasicTypeRegistry:395  [TransactionID: []] - Adding type registration java.lang.Object -> org.hibernate.type.JavaObjectType@221b77d7
2026-01-18 12:17:16.958 DEBUG o.h.t.BasicTypeRegistry:395  [TransactionID: []] - Adding type registration null -> org.hibernate.type.NullType@5c70d7f0
2026-01-18 12:17:16.958 DEBUG o.h.t.BasicTypeRegistry:420  [TransactionID: []] - Adding type registration imm_date -> org.hibernate.type.BasicTypeReference@582dcd35
2026-01-18 12:17:16.959 DEBUG o.h.t.BasicTypeRegistry:420  [TransactionID: []] - Adding type registration imm_time -> org.hibernate.type.BasicTypeReference@1e6bd263
2026-01-18 12:17:16.959 DEBUG o.h.t.BasicTypeRegistry:420  [TransactionID: []] - Adding type registration imm_timestamp -> org.hibernate.type.BasicTypeReference@394a6d2b
2026-01-18 12:17:16.959 DEBUG o.h.t.BasicTypeRegistry:420  [TransactionID: []] - Adding type registration imm_calendar -> org.hibernate.type.BasicTypeReference@635ff2a5
2026-01-18 12:17:16.959 DEBUG o.h.t.BasicTypeRegistry:420  [TransactionID: []] - Adding type registration imm_calendar_date -> org.hibernate.type.BasicTypeReference@55adcf9e
2026-01-18 12:17:16.959 DEBUG o.h.t.BasicTypeRegistry:420  [TransactionID: []] - Adding type registration imm_calendar_time -> org.hibernate.type.BasicTypeReference@1515f782
2026-01-18 12:17:16.959 DEBUG o.h.t.BasicTypeRegistry:420  [TransactionID: []] - Adding type registration imm_binary -> org.hibernate.type.BasicTypeReference@7f5ce33e
2026-01-18 12:17:16.959 DEBUG o.h.t.BasicTypeRegistry:420  [TransactionID: []] - Adding type registration imm_serializable -> org.hibernate.type.BasicTypeReference@638afcaa
2026-01-18 12:17:17.053 INFO  o.s.o.j.p.SpringPersistenceUnitInfo:87  [TransactionID: []] - No LoadTimeWeaver setup: ignoring JPA class transformer
2026-01-18 12:17:17.102 INFO  o.h.o.c.pooling:157  [TransactionID: []] - HHH10001005: Database info:
	Database JDBC URL [Connecting through datasource 'HikariDataSource (HikariPool-1)']
	Database driver: undefined/unknown
	Database version: 8.0.44
	Autocommit mode: undefined/unknown
	Isolation level: undefined/unknown
	Minimum pool size: undefined/unknown
	Maximum pool size: undefined/unknown
2026-01-18 12:17:17.105 DEBUG o.h.t.d.s.s.DdlTypeRegistry:64  [TransactionID: []] - addDescriptor(12, org.hibernate.type.descriptor.sql.internal.CapacityDependentDdlType@4ca970d5) replaced previous registration(org.hibernate.type.descriptor.sql.internal.CapacityDependentDdlType@dc8b2ff)
2026-01-18 12:17:17.105 DEBUG o.h.t.d.s.s.DdlTypeRegistry:64  [TransactionID: []] - addDescriptor(-9, org.hibernate.type.descriptor.sql.internal.CapacityDependentDdlType@6a2badb1) replaced previous registration(org.hibernate.type.descriptor.sql.internal.CapacityDependentDdlType@14201a90)
2026-01-18 12:17:17.105 DEBUG o.h.t.d.s.s.DdlTypeRegistry:64  [TransactionID: []] - addDescriptor(-3, org.hibernate.type.descriptor.sql.internal.CapacityDependentDdlType@1308ef19) replaced previous registration(org.hibernate.type.descriptor.sql.internal.CapacityDependentDdlType@5b1ff8cd)
2026-01-18 12:17:17.105 DEBUG o.h.t.d.s.s.DdlTypeRegistry:64  [TransactionID: []] - addDescriptor(4003, org.hibernate.type.descriptor.sql.internal.DdlTypeImpl@6cee903a) replaced previous registration(org.hibernate.type.descriptor.sql.internal.DdlTypeImpl@780ee3ad)
2026-01-18 12:17:17.106 DEBUG o.h.t.d.s.s.DdlTypeRegistry:64  [TransactionID: []] - addDescriptor(4001, org.hibernate.type.descriptor.sql.internal.DdlTypeImpl@2c2aab92) replaced previous registration(org.hibernate.type.descriptor.sql.internal.DdlTypeImpl@857f74a)
2026-01-18 12:17:17.106 DEBUG o.h.t.d.s.s.DdlTypeRegistry:64  [TransactionID: []] - addDescriptor(4002, org.hibernate.type.descriptor.sql.internal.DdlTypeImpl@10a0d93a) replaced previous registration(org.hibernate.type.descriptor.sql.internal.DdlTypeImpl@1f3c5308)
2026-01-18 12:17:17.106 DEBUG o.h.t.d.s.s.DdlTypeRegistry:64  [TransactionID: []] - addDescriptor(2004, org.hibernate.type.descriptor.sql.internal.CapacityDependentDdlType@66b31d46) replaced previous registration(org.hibernate.type.descriptor.sql.internal.DdlTypeImpl@51e94b7d)
2026-01-18 12:17:17.106 DEBUG o.h.t.d.s.s.DdlTypeRegistry:64  [TransactionID: []] - addDescriptor(2005, org.hibernate.type.descriptor.sql.internal.CapacityDependentDdlType@47162173) replaced previous registration(org.hibernate.type.descriptor.sql.internal.DdlTypeImpl@3a4f8e8a)
2026-01-18 12:17:17.106 DEBUG o.h.t.d.s.s.DdlTypeRegistry:64  [TransactionID: []] - addDescriptor(2011, org.hibernate.type.descriptor.sql.internal.CapacityDependentDdlType@4468fda8) replaced previous registration(org.hibernate.type.descriptor.sql.internal.DdlTypeImpl@5fc1e4fb)
2026-01-18 12:17:17.107 DEBUG o.h.t.d.j.s.JdbcTypeRegistry:75  [TransactionID: []] - addDescriptor(NCharTypeDescriptor) replaced previous registration(CharTypeDescriptor)
2026-01-18 12:17:17.108 DEBUG o.h.t.d.j.s.JdbcTypeRegistry:75  [TransactionID: []] - addDescriptor(NVarcharTypeDescriptor) replaced previous registration(VarcharTypeDescriptor)
2026-01-18 12:17:17.108 DEBUG o.h.t.d.j.s.JdbcTypeRegistry:75  [TransactionID: []] - addDescriptor(LongNVarcharTypeDescriptor) replaced previous registration(LongVarcharTypeDescriptor)
2026-01-18 12:17:17.110 DEBUG o.h.t.d.j.s.JdbcTypeRegistry:75  [TransactionID: []] - addDescriptor(NClobTypeDescriptor(DEFAULT)) replaced previous registration(ClobTypeDescriptor(DEFAULT))
2026-01-18 12:17:17.111 DEBUG o.h.t.BasicTypeRegistry:395  [TransactionID: []] - Adding type registration null -> org.hibernate.type.NullType@6fd9dbe6
2026-01-18 12:17:17.111 DEBUG o.h.t.BasicTypeRegistry:399  [TransactionID: []] - Type registration key [null] overrode previous entry : `org.hibernate.type.NullType@5c70d7f0`
2026-01-18 12:17:17.113 DEBUG o.h.t.BasicTypeRegistry:395  [TransactionID: []] - Adding type registration org.hibernate.type.DurationType -> basicType@1(java.time.Duration,3015)
2026-01-18 12:17:17.113 DEBUG o.h.t.BasicTypeRegistry:395  [TransactionID: []] - Adding type registration Duration -> basicType@1(java.time.Duration,3015)
2026-01-18 12:17:17.113 DEBUG o.h.t.BasicTypeRegistry:395  [TransactionID: []] - Adding type registration java.time.Duration -> basicType@1(java.time.Duration,3015)
2026-01-18 12:17:17.115 DEBUG o.h.t.BasicTypeRegistry:395  [TransactionID: []] - Adding type registration org.hibernate.type.OffsetDateTimeType -> basicType@2(java.time.OffsetDateTime,3003)
2026-01-18 12:17:17.115 DEBUG o.h.t.BasicTypeRegistry:395  [TransactionID: []] - Adding type registration OffsetDateTime -> basicType@2(java.time.OffsetDateTime,3003)
2026-01-18 12:17:17.116 DEBUG o.h.t.BasicTypeRegistry:395  [TransactionID: []] - Adding type registration java.time.OffsetDateTime -> basicType@2(java.time.OffsetDateTime,3003)
2026-01-18 12:17:17.116 DEBUG o.h.t.BasicTypeRegistry:395  [TransactionID: []] - Adding type registration org.hibernate.type.ZonedDateTimeType -> basicType@3(java.time.ZonedDateTime,3003)
2026-01-18 12:17:17.116 DEBUG o.h.t.BasicTypeRegistry:395  [TransactionID: []] - Adding type registration ZonedDateTime -> basicType@3(java.time.ZonedDateTime,3003)
2026-01-18 12:17:17.116 DEBUG o.h.t.BasicTypeRegistry:395  [TransactionID: []] - Adding type registration java.time.ZonedDateTime -> basicType@3(java.time.ZonedDateTime,3003)
2026-01-18 12:17:17.116 DEBUG o.h.t.BasicTypeRegistry:395  [TransactionID: []] - Adding type registration org.hibernate.type.OffsetTimeType -> basicType@4(java.time.OffsetTime,3007)
2026-01-18 12:17:17.116 DEBUG o.h.t.BasicTypeRegistry:395  [TransactionID: []] - Adding type registration OffsetTime -> basicType@4(java.time.OffsetTime,3007)
2026-01-18 12:17:17.116 DEBUG o.h.t.BasicTypeRegistry:395  [TransactionID: []] - Adding type registration java.time.OffsetTime -> basicType@4(java.time.OffsetTime,3007)
2026-01-18 12:17:17.117 DEBUG o.h.t.s.TypeConfiguration$Scope:197  [TransactionID: []] - Scoping TypeConfiguration [org.hibernate.type.spi.TypeConfiguration@4eb1943b] to MetadataBuildingContext [org.hibernate.boot.internal.MetadataBuildingContextRootImpl@4e2824b1]
2026-01-18 12:17:17.440 INFO  o.h.e.t.j.p.i.JtaPlatformInitiator:59  [TransactionID: []] - HHH000489: No JTA platform available (set 'hibernate.transaction.jta.platform' to enable JTA platform integration)
2026-01-18 12:17:17.441 DEBUG o.h.t.s.TypeConfiguration$Scope:209  [TransactionID: []] - Scoping TypeConfiguration [org.hibernate.type.spi.TypeConfiguration@4eb1943b] to SessionFactoryImplementor [org.hibernate.internal.SessionFactoryImpl@75e92bb7]
2026-01-18 12:17:17.441 TRACE o.h.t.s.TypeConfiguration$Scope:273  [TransactionID: []] - Handling #sessionFactoryCreated from [org.hibernate.internal.SessionFactoryImpl@75e92bb7] for TypeConfiguration
2026-01-18 12:17:17.442 INFO  o.s.o.j.LocalContainerEntityManagerFactoryBean:447  [TransactionID: []] - Initialized JPA EntityManagerFactory for persistence unit 'default'
2026-01-18 12:17:17.669 WARN  o.s.b.a.o.j.JpaBaseConfiguration$JpaWebConfiguration:258  [TransactionID: []] - spring.jpa.open-in-view is enabled by default. Therefore, database queries may be performed during view rendering. Explicitly configure spring.jpa.open-in-view to disable this warning
2026-01-18 12:17:17.858 INFO  c.e.EmployeeServiceApplicationTests:59  [TransactionID: []] - Started EmployeeServiceApplicationTests in 1.881 seconds (process running for 2.329)
]]></system-out>
    <system-err><![CDATA[Mockito is currently self-attaching to enable the inline-mock-maker. This will no longer work in future releases of the JDK. Please add Mockito as an agent to your build what is described in Mockito's documentation: https://javadoc.io/doc/org.mockito/mockito-core/latest/org/mockito/Mockito.html#0.3
WARNING: A Java agent has been loaded dynamically (/Users/apprameyubharath/.m2/repository/net/bytebuddy/byte-buddy-agent/1.15.11/byte-buddy-agent-1.15.11.jar)
WARNING: If a serviceability tool is in use, please run with -XX:+EnableDynamicAgentLoading to hide this warning
WARNING: If a serviceability tool is not in use, please run with -Djdk.instrument.traceUsage for more information
WARNING: Dynamic loading of agents will be disallowed by default in a future release
]]></system-err>
  </testcase>
</testsuite>