<?xml version="1.0" encoding="UTF-8"?>
<testsuite xmlns:xsi="http://www.w3.org/2001/XMLSchema-instance" xsi:noNamespaceSchemaLocation="https://maven.apache.org/surefire/maven-surefire-plugin/xsd/surefire-test-report.xsd" version="3.0.2" name="com.example.productServiceSpring.ProductServiceSpringApplicationTests" time="2.101" tests="1" errors="0" skipped="0" failures="0">
  <properties>
[...]
</properties>
  <testcase name="contextLoads" classname="com.example.productServiceSpring.ProductServiceSpringApplicationTests" time="0.263">
    <system-out><![CDATA[12:20:19.810 [main] INFO org.springframework.test.context.support.AnnotationConfigContextLoaderUtils -- Could not detect default configuration classes for test class [com.example.productServiceSpring.ProductServiceSpringApplicationTests]: ProductServiceSpringApplicationTests does not declare any static, non-private, non-final, nested classes annotated with @Configuration.
12:20:19.859 [main] INFO org.springframework.boot.test.context.SpringBootTestContextBootstrapper -- Found @SpringBootConfiguration com.example.productServiceSpring.ProductServiceSpringApplication for test class com.example.productServiceSpring.ProductServiceSpringApplicationTests

  .   ____          _            __ _ _
 /\\ / ___'_ __ _ _(_)_ __  __ _ \ \ \ \
( ( )\___ | '_ | '_| | '_ \/ _` | \ \ \ \
 \\/  ___)| |_)| | | | | || (_| |  ) ) ) )
  '  |____| .__|_| |_|_| |_\__, | / / / /
 =========|_|==============|___/=/_/_/_/

 :: Spring Boot ::                (v3.4.5)

2026-01-18 12:20:20.050 [main] INFO  c.e.p.ProductServiceSpringApplicationTests - [] Starting ProductServiceSpringApplicationTests using Java 17.0.17 with PID 11543 (started by apprameyubharath in /Users/apprameyubharath/code/invoice-application/productServiceSpring)
2026-01-18 12:20:20.051 [main] INFO  c.e.p.ProductServiceSpringApplicationTests - [] No active profile set, falling back to 1 default profile: "default"
2026-01-18 12:20:20.317 [main] INFO  o.s.d.r.c.RepositoryConfigurationDelegate - [] Bootstrapping Spring Data JPA repositories in DEFAULT mode.
2026-01-18 12:20:20.344 [main] INFO  o.s.d.r.c.RepositoryConfigurationDelegate - [] Finished Spring Data repository scanning in 20 ms. Found 1 JPA repository interface.
2026-01-18 12:20:20.530 [main] INFO  com.zaxxer.hikari.HikariDataSource - [] HikariPool-1 - Starting...
2026-01-18 12:20:20.698 [main] INFO  com.zaxxer.hikari.pool.HikariPool - [] HikariPool-1 - Added connection com.mysql.cj.jdbc.ConnectionImpl@102c18e
2026-01-18 12:20:20.699 [main] INFO  com.zaxxer.hikari.HikariDataSource - [] HikariPool-1 - Start completed.
2026-01-18 12:20:20.719 [main] INFO  o.h.jpa.internal.util.LogHelper - [] HHH000204: Processing PersistenceUnitInfo [name: default]
2026-01-18 12:20:20.740 [main] INFO  org.hibernate.Version - [] HHH000412: Hibernate ORM core version 6.6.13.Final
2026-01-18 12:20:20.755 [main] INFO  o.h.c.i.RegionFactoryInitiator - [] HHH000026: Second-level cache disabled
2026-01-18 12:20:20.867 [main] INFO  o.s.o.j.p.SpringPersistenceUnitInfo - [] No LoadTimeWeaver setup: ignoring JPA class transformer
2026-01-18 12:20:20.919 [main] INFO  o.hibernate.orm.connections.pooling - [] HHH10001005: Database info:
	Database JDBC URL [Connecting through datasource 'HikariDataSource (HikariPool-1)']
	Database driver: undefined/unknown
	Database version: 8.0.44
	Autocommit mode: undefined/unknown
	Isolation level: undefined/unknown
	Minimum pool size: undefined/unknown
	Maximum pool size: undefined/unknown
2026-01-18 12:20:20.922 [main] DEBUG o.h.t.d.sql.spi.DdlTypeRegistry - [] addDescriptor(12, org.hibernate.type.descriptor.sql.internal.CapacityDependentDdlType@3ce7490a) replaced previous registration(org.hibernate.type.descriptor.sql.internal.CapacityDependentDdlType@4768b95c)
2026-01-18 12:20:20.922 [main] DEBUG o.h.t.d.sql.spi.DdlTypeRegistry - [] addDescriptor(-9, org.hibernate.type.descriptor.sql.internal.CapacityDependentDdlType@1530d0f2) replaced previous registration(org.hibernate.type.descriptor.sql.internal.CapacityDependentDdlType@7573c7b5)
2026-01-18 12:20:20.922 [main] DEBUG o.h.t.d.sql.spi.DdlTypeRegistry - [] addDescriptor(-3, org.hibernate.type.descriptor.sql.internal.CapacityDependentDdlType@73da7f08) replaced previous registration(org.hibernate.type.descriptor.sql.internal.CapacityDependentDdlType@717a8a76)
2026-01-18 12:20:20.922 [main] DEBUG o.h.t.d.sql.spi.DdlTypeRegistry - [] addDescriptor(4003, org.hibernate.type.descriptor.sql.internal.DdlTypeImpl@62de73eb) replaced previous registration(org.hibernate.type.descriptor.sql.internal.DdlTypeImpl@97b5e6a)
2026-01-18 12:20:20.922 [main] DEBUG o.h.t.d.sql.spi.DdlTypeRegistry - [] addDescriptor(4001, org.hibernate.type.descriptor.sql.internal.DdlTypeImpl@29f95272) replaced previous registration(org.hibernate.type.descriptor.sql.internal.DdlTypeImpl@c754401)
2026-01-18 12:20:20.923 [main] DEBUG o.h.t.d.sql.spi.DdlTypeRegistry - [] addDescriptor(4002, org.hibernate.type.descriptor.sql.internal.DdlTypeImpl@1da53f4f) replaced previous registration(org.hibernate.type.descriptor.sql.internal.DdlTypeImpl@4e7eba9f)
2026-01-18 12:20:20.923 [main] DEBUG o.h.t.d.sql.spi.DdlTypeRegistry - [] addDescriptor(2004, org.hibernate.type.descriptor.sql.internal.CapacityDependentDdlType@2df71be0) replaced previous registration(org.hibernate.type.descriptor.sql.internal.DdlTypeImpl@b841713)
2026-01-18 12:20:20.923 [main] DEBUG o.h.t.d.sql.spi.DdlTypeRegistry - [] addDescriptor(2005, org.hibernate.type.descriptor.sql.internal.CapacityDependentDdlType@3fef1e6b) replaced previous registration(org.hibernate.type.descriptor.sql.internal.DdlTypeImpl@4fee14b)
2026-01-18 12:20:20.923 [main] DEBUG o.h.t.d.sql.spi.DdlTypeRegistry - [] addDescriptor(2011, org.hibernate.type.descriptor.sql.internal.CapacityDependentDdlType@11c3d22f) replaced previous registration(org.hibernate.type.descriptor.sql.internal.DdlTypeImpl@3a54638b)
2026-01-18 12:20:21.244 [main] INFO  o.h.e.t.j.p.i.JtaPlatformInitiator - [] HHH000489: No JTA platform available (set 'hibernate.transaction.jta.platform' to enable JTA platform integration)
2026-01-18 12:20:21.246 [main] INFO  o.s.o.j.LocalContainerEntityManagerFactoryBean - [] Initialized JPA EntityManagerFactory for persistence unit 'default'
2026-01-18 12:20:21.399 [main] WARN  o.s.b.a.o.j.JpaBaseConfiguration$JpaWebConfiguration - [] spring.jpa.open-in-view is enabled by default. Therefore, database queries may be performed during view rendering. Explicitly configure spring.jpa.open-in-view to disable this warning
2026-01-18 12:20:21.532 [main] WARN  o.s.b.a.t.ThymeleafAutoConfiguration$DefaultTemplateResolverConfiguration - [] Cannot find template location: classpath:/templates/ (please add some templates, check your Thymeleaf configuration, or set spring.thymeleaf.check-template-location=false)
2026-01-18 12:20:21.585 [main] INFO  c.e.p.ProductServiceSpringApplicationTests - [] Started ProductServiceSpringApplicationTests in 1.674 seconds (process running for 2.05)
]]></system-out>
  </testcase>
</testsuite>